<?xml version="1.0" encoding="UTF-8"?>
<testsuite xmlns:xsi="http://www.w3.org/2001/XMLSchema-instance" xsi:noNamespaceSchemaLocation="https://maven.apache.org/surefire/maven-surefire-plugin/xsd/surefire-test-report-3.0.xsd" version="3.0" name="com.sproutsocial.homework.resources.HelloWorldResourceTests" time="0.027" tests="1" errors="0" skipped="0" failures="0">
  <properties>
    <property name="sun.desktop" value="windows"/>
    <property name="awt.toolkit" value="sun.awt.windows.WToolkit"/>
    <property name="java.specification.version" value="11"/>
    <property name="sun.cpu.isalist" value="amd64"/>
    <property name="sun.jnu.encoding" value="Cp1252"/>
    <property name="java.class.path" value="C:\Users\Courthouse\dropwizard\target\test-classes;C:\Users\Courthouse\dropwizard\target\classes;C:\Users\Courthouse\.m2\repository\io\dropwizard\dropwizard-core\2.0.11\dropwizard-core-2.0.11.jar;C:\Users\Courthouse\.m2\repository\io\dropwizard\dropwizard-util\2.0.11\dropwizard-util-2.0.11.jar;C:\Users\Courthouse\.m2\repository\com\google\guava\guava\28.2-jre\guava-28.2-jre.jar;C:\Users\Courthouse\.m2\repository\com\google\guava\failureaccess\1.0.1\failureaccess-1.0.1.jar;C:\Users\Courthouse\.m2\repository\com\google\guava\listenablefuture\9999.0-empty-to-avoid-conflict-with-guava\listenablefuture-9999.0-empty-to-avoid-conflict-with-guava.jar;C:\Users\Courthouse\.m2\repository\org\checkerframework\checker-qual\2.10.0\checker-qual-2.10.0.jar;C:\Users\Courthouse\.m2\repository\com\google\errorprone\error_prone_annotations\2.3.4\error_prone_annotations-2.3.4.jar;C:\Users\Courthouse\.m2\repository\com\google\j2objc\j2objc-annotations\1.3\j2objc-annotations-1.3.jar;C:\Users\Courthouse\.m2\repository\io\dropwizard\dropwizard-jackson\2.0.11\dropwizard-jackson-2.0.11.jar;C:\Users\Courthouse\.m2\repository\com\github\ben-manes\caffeine\caffeine\2.8.5\caffeine-2.8.5.jar;C:\Users\Courthouse\.m2\repository\com\fasterxml\jackson\datatype\jackson-datatype-guava\2.10.4\jackson-datatype-guava-2.10.4.jar;C:\Users\Courthouse\.m2\repository\com\fasterxml\jackson\datatype\jackson-datatype-jsr310\2.10.4\jackson-datatype-jsr310-2.10.4.jar;C:\Users\Courthouse\.m2\repository\com\fasterxml\jackson\datatype\jackson-datatype-jdk8\2.10.4\jackson-datatype-jdk8-2.10.4.jar;C:\Users\Courthouse\.m2\repository\com\fasterxml\jackson\module\jackson-module-parameter-names\2.10.4\jackson-module-parameter-names-2.10.4.jar;C:\Users\Courthouse\.m2\repository\com\fasterxml\jackson\module\jackson-module-afterburner\2.10.4\jackson-module-afterburner-2.10.4.jar;C:\Users\Courthouse\.m2\repository\com\fasterxml\jackson\datatype\jackson-datatype-joda\2.10.4\jackson-datatype-joda-2.10.4.jar;C:\Users\Courthouse\.m2\repository\io\dropwizard\dropwizard-validation\2.0.11\dropwizard-validation-2.0.11.jar;C:\Users\Courthouse\.m2\repository\com\fasterxml\classmate\1.5.1\classmate-1.5.1.jar;C:\Users\Courthouse\.m2\repository\org\glassfish\jakarta.el\3.0.3\jakarta.el-3.0.3.jar;C:\Users\Courthouse\.m2\repository\io\dropwizard\dropwizard-configuration\2.0.11\dropwizard-configuration-2.0.11.jar;C:\Users\Courthouse\.m2\repository\com\fasterxml\jackson\dataformat\jackson-dataformat-yaml\2.10.4\jackson-dataformat-yaml-2.10.4.jar;C:\Users\Courthouse\.m2\repository\org\yaml\snakeyaml\1.26\snakeyaml-1.26.jar;C:\Users\Courthouse\.m2\repository\org\apache\commons\commons-text\1.8\commons-text-1.8.jar;C:\Users\Courthouse\.m2\repository\io\dropwizard\dropwizard-logging\2.0.11\dropwizard-logging-2.0.11.jar;C:\Users\Courthouse\.m2\repository\io\dropwizard\metrics\metrics-logback\4.1.10.1\metrics-logback-4.1.10.1.jar;C:\Users\Courthouse\.m2\repository\org\apache\commons\commons-lang3\3.10\commons-lang3-3.10.jar;C:\Users\Courthouse\.m2\repository\org\slf4j\jul-to-slf4j\1.7.30\jul-to-slf4j-1.7.30.jar;C:\Users\Courthouse\.m2\repository\ch\qos\logback\logback-core\1.2.3\logback-core-1.2.3.jar;C:\Users\Courthouse\.m2\repository\io\dropwizard\logback\logback-throttling-appender\1.1.0\logback-throttling-appender-1.1.0.jar;C:\Users\Courthouse\.m2\repository\org\slf4j\log4j-over-slf4j\1.7.30\log4j-over-slf4j-1.7.30.jar;C:\Users\Courthouse\.m2\repository\org\slf4j\jcl-over-slf4j\1.7.30\jcl-over-slf4j-1.7.30.jar;C:\Users\Courthouse\.m2\repository\io\dropwizard\dropwizard-metrics\2.0.11\dropwizard-metrics-2.0.11.jar;C:\Users\Courthouse\.m2\repository\io\dropwizard\dropwizard-jersey\2.0.11\dropwizard-jersey-2.0.11.jar;C:\Users\Courthouse\.m2\repository\org\glassfish\jersey\core\jersey-server\2.31\jersey-server-2.31.jar;C:\Users\Courthouse\.m2\repository\org\glassfish\jersey\media\jersey-media-jaxb\2.31\jersey-media-jaxb-2.31.jar;C:\Users\Courthouse\.m2\repository\jakarta\xml\bind\jakarta.xml.bind-api\2.3.3\jakarta.xml.bind-api-2.3.3.jar;C:\Users\Courthouse\.m2\repository\jakarta\activation\jakarta.activation-api\1.2.2\jakarta.activation-api-1.2.2.jar;C:\Users\Courthouse\.m2\repository\org\glassfish\jersey\ext\jersey-metainf-services\2.31\jersey-metainf-services-2.31.jar;C:\Users\Courthouse\.m2\repository\org\glassfish\jersey\inject\jersey-hk2\2.31\jersey-hk2-2.31.jar;C:\Users\Courthouse\.m2\repository\org\glassfish\hk2\hk2-locator\2.6.1\hk2-locator-2.6.1.jar;C:\Users\Courthouse\.m2\repository\org\javassist\javassist\3.27.0-GA\javassist-3.27.0-GA.jar;C:\Users\Courthouse\.m2\repository\io\dropwizard\metrics\metrics-jersey2\4.1.10.1\metrics-jersey2-4.1.10.1.jar;C:\Users\Courthouse\.m2\repository\com\fasterxml\jackson\jaxrs\jackson-jaxrs-json-provider\2.10.4\jackson-jaxrs-json-provider-2.10.4.jar;C:\Users\Courthouse\.m2\repository\com\fasterxml\jackson\jaxrs\jackson-jaxrs-base\2.10.4\jackson-jaxrs-base-2.10.4.jar;C:\Users\Courthouse\.m2\repository\com\fasterxml\jackson\module\jackson-module-jaxb-annotations\2.10.4\jackson-module-jaxb-annotations-2.10.4.jar;C:\Users\Courthouse\.m2\repository\jakarta\annotation\jakarta.annotation-api\1.3.5\jakarta.annotation-api-1.3.5.jar;C:\Users\Courthouse\.m2\repository\org\glassfish\hk2\hk2-api\2.6.1\hk2-api-2.6.1.jar;C:\Users\Courthouse\.m2\repository\org\glassfish\hk2\hk2-utils\2.6.1\hk2-utils-2.6.1.jar;C:\Users\Courthouse\.m2\repository\org\glassfish\hk2\external\aopalliance-repackaged\2.6.1\aopalliance-repackaged-2.6.1.jar;C:\Users\Courthouse\.m2\repository\org\glassfish\jersey\containers\jersey-container-servlet\2.31\jersey-container-servlet-2.31.jar;C:\Users\Courthouse\.m2\repository\org\glassfish\jersey\containers\jersey-container-servlet-core\2.31\jersey-container-servlet-core-2.31.jar;C:\Users\Courthouse\.m2\repository\org\glassfish\jersey\core\jersey-client\2.31\jersey-client-2.31.jar;C:\Users\Courthouse\.m2\repository\org\eclipse\jetty\jetty-io\9.4.30.v20200611\jetty-io-9.4.30.v20200611.jar;C:\Users\Courthouse\.m2\repository\io\dropwizard\dropwizard-servlets\2.0.11\dropwizard-servlets-2.0.11.jar;C:\Users\Courthouse\.m2\repository\io\dropwizard\dropwizard-jetty\2.0.11\dropwizard-jetty-2.0.11.jar;C:\Users\Courthouse\.m2\repository\org\eclipse\jetty\jetty-servlets\9.4.30.v20200611\jetty-servlets-9.4.30.v20200611.jar;C:\Users\Courthouse\.m2\repository\org\eclipse\jetty\jetty-continuation\9.4.30.v20200611\jetty-continuation-9.4.30.v20200611.jar;C:\Users\Courthouse\.m2\repository\org\eclipse\jetty\jetty-http\9.4.30.v20200611\jetty-http-9.4.30.v20200611.jar;C:\Users\Courthouse\.m2\repository\io\dropwizard\dropwizard-lifecycle\2.0.11\dropwizard-lifecycle-2.0.11.jar;C:\Users\Courthouse\.m2\repository\io\dropwizard\metrics\metrics-core\4.1.10.1\metrics-core-4.1.10.1.jar;C:\Users\Courthouse\.m2\repository\io\dropwizard\metrics\metrics-jetty9\4.1.10.1\metrics-jetty9-4.1.10.1.jar;C:\Users\Courthouse\.m2\repository\io\dropwizard\metrics\metrics-jvm\4.1.10.1\metrics-jvm-4.1.10.1.jar;C:\Users\Courthouse\.m2\repository\io\dropwizard\metrics\metrics-jmx\4.1.10.1\metrics-jmx-4.1.10.1.jar;C:\Users\Courthouse\.m2\repository\io\dropwizard\metrics\metrics-servlets\4.1.10.1\metrics-servlets-4.1.10.1.jar;C:\Users\Courthouse\.m2\repository\io\dropwizard\metrics\metrics-json\4.1.10.1\metrics-json-4.1.10.1.jar;C:\Users\Courthouse\.m2\repository\com\helger\profiler\1.1.1\profiler-1.1.1.jar;C:\Users\Courthouse\.m2\repository\io\dropwizard\metrics\metrics-healthchecks\4.1.10.1\metrics-healthchecks-4.1.10.1.jar;C:\Users\Courthouse\.m2\repository\io\dropwizard\dropwizard-request-logging\2.0.11\dropwizard-request-logging-2.0.11.jar;C:\Users\Courthouse\.m2\repository\ch\qos\logback\logback-access\1.2.3\logback-access-1.2.3.jar;C:\Users\Courthouse\.m2\repository\ch\qos\logback\logback-classic\1.2.3\logback-classic-1.2.3.jar;C:\Users\Courthouse\.m2\repository\com\fasterxml\jackson\core\jackson-annotations\2.10.4\jackson-annotations-2.10.4.jar;C:\Users\Courthouse\.m2\repository\com\fasterxml\jackson\core\jackson-databind\2.10.4\jackson-databind-2.10.4.jar;C:\Users\Courthouse\.m2\repository\com\google\code\findbugs\jsr305\3.0.2\jsr305-3.0.2.jar;C:\Users\Courthouse\.m2\repository\jakarta\servlet\jakarta.servlet-api\4.0.4\jakarta.servlet-api-4.0.4.jar;C:\Users\Courthouse\.m2\repository\jakarta\validation\jakarta.validation-api\2.0.2\jakarta.validation-api-2.0.2.jar;C:\Users\Courthouse\.m2\repository\jakarta\ws\rs\jakarta.ws.rs-api\2.1.6\jakarta.ws.rs-api-2.1.6.jar;C:\Users\Courthouse\.m2\repository\net\sourceforge\argparse4j\argparse4j\0.8.1\argparse4j-0.8.1.jar;C:\Users\Courthouse\.m2\repository\org\eclipse\jetty\jetty-security\9.4.30.v20200611\jetty-security-9.4.30.v20200611.jar;C:\Users\Courthouse\.m2\repository\org\eclipse\jetty\jetty-server\9.4.30.v20200611\jetty-server-9.4.30.v20200611.jar;C:\Users\Courthouse\.m2\repository\org\eclipse\jetty\jetty-servlet\9.4.30.v20200611\jetty-servlet-9.4.30.v20200611.jar;C:\Users\Courthouse\.m2\repository\org\eclipse\jetty\jetty-util\9.4.30.v20200611\jetty-util-9.4.30.v20200611.jar;C:\Users\Courthouse\.m2\repository\org\eclipse\jetty\toolchain\setuid\jetty-setuid-java\1.0.4\jetty-setuid-java-1.0.4.jar;C:\Users\Courthouse\.m2\repository\org\glassfish\hk2\external\jakarta.inject\2.6.1\jakarta.inject-2.6.1.jar;C:\Users\Courthouse\.m2\repository\org\glassfish\jersey\core\jersey-common\2.31\jersey-common-2.31.jar;C:\Users\Courthouse\.m2\repository\org\glassfish\hk2\osgi-resource-locator\1.0.3\osgi-resource-locator-1.0.3.jar;C:\Users\Courthouse\.m2\repository\com\sun\activation\jakarta.activation\1.2.2\jakarta.activation-1.2.2.jar;C:\Users\Courthouse\.m2\repository\org\glassfish\jersey\ext\jersey-bean-validation\2.31\jersey-bean-validation-2.31.jar;C:\Users\Courthouse\.m2\repository\org\hibernate\validator\hibernate-validator\6.1.5.Final\hibernate-validator-6.1.5.Final.jar;C:\Users\Courthouse\.m2\repository\org\jboss\logging\jboss-logging\3.3.2.Final\jboss-logging-3.3.2.Final.jar;C:\Users\Courthouse\.m2\repository\org\slf4j\slf4j-api\1.7.30\slf4j-api-1.7.30.jar;C:\Users\Courthouse\.m2\repository\io\dropwizard\dropwizard-jdbi3\2.0.11\dropwizard-jdbi3-2.0.11.jar;C:\Users\Courthouse\.m2\repository\io\dropwizard\dropwizard-db\2.0.11\dropwizard-db-2.0.11.jar;C:\Users\Courthouse\.m2\repository\org\apache\tomcat\tomcat-jdbc\9.0.37\tomcat-jdbc-9.0.37.jar;C:\Users\Courthouse\.m2\repository\org\apache\tomcat\tomcat-juli\9.0.37\tomcat-juli-9.0.37.jar;C:\Users\Courthouse\.m2\repository\io\dropwizard\metrics\metrics-annotation\4.1.10.1\metrics-annotation-4.1.10.1.jar;C:\Users\Courthouse\.m2\repository\joda-time\joda-time\2.10.6\joda-time-2.10.6.jar;C:\Users\Courthouse\.m2\repository\org\jdbi\jdbi3-core\3.14.1\jdbi3-core-3.14.1.jar;C:\Users\Courthouse\.m2\repository\org\antlr\antlr4-runtime\4.7.2\antlr4-runtime-4.7.2.jar;C:\Users\Courthouse\.m2\repository\io\leangen\geantyref\geantyref\1.3.7\geantyref-1.3.7.jar;C:\Users\Courthouse\.m2\repository\org\jdbi\jdbi3-sqlobject\3.14.1\jdbi3-sqlobject-3.14.1.jar;C:\Users\Courthouse\.m2\repository\org\jdbi\jdbi3-jodatime2\3.14.1\jdbi3-jodatime2-3.14.1.jar;C:\Users\Courthouse\.m2\repository\org\jdbi\jdbi3-guava\3.14.1\jdbi3-guava-3.14.1.jar;C:\Users\Courthouse\.m2\repository\io\dropwizard\metrics\metrics-jdbi3\4.1.10.1\metrics-jdbi3-4.1.10.1.jar;C:\Users\Courthouse\.m2\repository\oauth\signpost\signpost-core\1.2.1.1\signpost-core-1.2.1.1.jar;C:\Users\Courthouse\.m2\repository\commons-codec\commons-codec\1.3\commons-codec-1.3.jar;C:\Users\Courthouse\.m2\repository\oauth\signpost\signpost-commonshttp4\1.2\signpost-commonshttp4-1.2.jar;C:\Users\Courthouse\.m2\repository\org\apache\httpcomponents\httpcore\4.0.1\httpcore-4.0.1.jar;C:\Users\Courthouse\.m2\repository\org\apache\httpcomponents\httpclient\4.0.1\httpclient-4.0.1.jar;C:\Users\Courthouse\.m2\repository\commons-logging\commons-logging\1.1.1\commons-logging-1.1.1.jar;C:\Users\Courthouse\.m2\repository\com\fasterxml\jackson\datatype\jackson-datatype-json-org\2.4.0\jackson-datatype-json-org-2.4.0.jar;C:\Users\Courthouse\.m2\repository\com\fasterxml\jackson\core\jackson-core\2.4.0\jackson-core-2.4.0.jar;C:\Users\Courthouse\.m2\repository\org\apache\geronimo\bundles\json\20090211_1\json-20090211_1.jar;C:\Users\Courthouse\.m2\repository\org\xerial\sqlite-jdbc\3.32.3.1\sqlite-jdbc-3.32.3.1.jar;C:\Users\Courthouse\.m2\repository\org\junit\jupiter\junit-jupiter\5.7.0\junit-jupiter-5.7.0.jar;C:\Users\Courthouse\.m2\repository\org\junit\jupiter\junit-jupiter-api\5.7.0\junit-jupiter-api-5.7.0.jar;C:\Users\Courthouse\.m2\repository\org\apiguardian\apiguardian-api\1.1.0\apiguardian-api-1.1.0.jar;C:\Users\Courthouse\.m2\repository\org\opentest4j\opentest4j\1.2.0\opentest4j-1.2.0.jar;C:\Users\Courthouse\.m2\repository\org\junit\platform\junit-platform-commons\1.7.0\junit-platform-commons-1.7.0.jar;C:\Users\Courthouse\.m2\repository\org\junit\jupiter\junit-jupiter-params\5.7.0\junit-jupiter-params-5.7.0.jar;C:\Users\Courthouse\.m2\repository\org\junit\jupiter\junit-jupiter-engine\5.7.0\junit-jupiter-engine-5.7.0.jar;C:\Users\Courthouse\.m2\repository\org\junit\platform\junit-platform-engine\1.7.0\junit-platform-engine-1.7.0.jar;"/>
    <property name="java.vm.vendor" value="Oracle Corporation"/>
    <property name="sun.arch.data.model" value="64"/>
    <property name="user.variant" value=""/>
    <property name="java.vendor.url" value="https://openjdk.java.net/"/>
    <property name="user.timezone" value="America/Chicago"/>
    <property name="java.vm.specification.version" value="11"/>
    <property name="os.name" value="Windows 10"/>
    <property name="sun.java.launcher" value="SUN_STANDARD"/>
    <property name="user.country" value="US"/>
    <property name="sun.boot.library.path" value="C:\Program Files\Java\jdk-11.0.10\bin"/>
    <property name="sun.java.command" value="C:\Users\Courthouse\AppData\Local\Temp\surefire8460161309235058303\surefirebooter7502295836523944968.jar C:\Users\Courthouse\AppData\Local\Temp\surefire8460161309235058303 2021-04-05T11-52-30_062-jvmRun1 surefire12735960358714076889tmp surefire_017178848376361526239tmp"/>
    <property name="jdk.debug" value="release"/>
    <property name="surefire.test.class.path" value="C:\Users\Courthouse\dropwizard\target\test-classes;C:\Users\Courthouse\dropwizard\target\classes;C:\Users\Courthouse\.m2\repository\io\dropwizard\dropwizard-core\2.0.11\dropwizard-core-2.0.11.jar;C:\Users\Courthouse\.m2\repository\io\dropwizard\dropwizard-util\2.0.11\dropwizard-util-2.0.11.jar;C:\Users\Courthouse\.m2\repository\com\google\guava\guava\28.2-jre\guava-28.2-jre.jar;C:\Users\Courthouse\.m2\repository\com\google\guava\failureaccess\1.0.1\failureaccess-1.0.1.jar;C:\Users\Courthouse\.m2\repository\com\google\guava\listenablefuture\9999.0-empty-to-avoid-conflict-with-guava\listenablefuture-9999.0-empty-to-avoid-conflict-with-guava.jar;C:\Users\Courthouse\.m2\repository\org\checkerframework\checker-qual\2.10.0\checker-qual-2.10.0.jar;C:\Users\Courthouse\.m2\repository\com\google\errorprone\error_prone_annotations\2.3.4\error_prone_annotations-2.3.4.jar;C:\Users\Courthouse\.m2\repository\com\google\j2objc\j2objc-annotations\1.3\j2objc-annotations-1.3.jar;C:\Users\Courthouse\.m2\repository\io\dropwizard\dropwizard-jackson\2.0.11\dropwizard-jackson-2.0.11.jar;C:\Users\Courthouse\.m2\repository\com\github\ben-manes\caffeine\caffeine\2.8.5\caffeine-2.8.5.jar;C:\Users\Courthouse\.m2\repository\com\fasterxml\jackson\datatype\jackson-datatype-guava\2.10.4\jackson-datatype-guava-2.10.4.jar;C:\Users\Courthouse\.m2\repository\com\fasterxml\jackson\datatype\jackson-datatype-jsr310\2.10.4\jackson-datatype-jsr310-2.10.4.jar;C:\Users\Courthouse\.m2\repository\com\fasterxml\jackson\datatype\jackson-datatype-jdk8\2.10.4\jackson-datatype-jdk8-2.10.4.jar;C:\Users\Courthouse\.m2\repository\com\fasterxml\jackson\module\jackson-module-parameter-names\2.10.4\jackson-module-parameter-names-2.10.4.jar;C:\Users\Courthouse\.m2\repository\com\fasterxml\jackson\module\jackson-module-afterburner\2.10.4\jackson-module-afterburner-2.10.4.jar;C:\Users\Courthouse\.m2\repository\com\fasterxml\jackson\datatype\jackson-datatype-joda\2.10.4\jackson-datatype-joda-2.10.4.jar;C:\Users\Courthouse\.m2\repository\io\dropwizard\dropwizard-validation\2.0.11\dropwizard-validation-2.0.11.jar;C:\Users\Courthouse\.m2\repository\com\fasterxml\classmate\1.5.1\classmate-1.5.1.jar;C:\Users\Courthouse\.m2\repository\org\glassfish\jakarta.el\3.0.3\jakarta.el-3.0.3.jar;C:\Users\Courthouse\.m2\repository\io\dropwizard\dropwizard-configuration\2.0.11\dropwizard-configuration-2.0.11.jar;C:\Users\Courthouse\.m2\repository\com\fasterxml\jackson\dataformat\jackson-dataformat-yaml\2.10.4\jackson-dataformat-yaml-2.10.4.jar;C:\Users\Courthouse\.m2\repository\org\yaml\snakeyaml\1.26\snakeyaml-1.26.jar;C:\Users\Courthouse\.m2\repository\org\apache\commons\commons-text\1.8\commons-text-1.8.jar;C:\Users\Courthouse\.m2\repository\io\dropwizard\dropwizard-logging\2.0.11\dropwizard-logging-2.0.11.jar;C:\Users\Courthouse\.m2\repository\io\dropwizard\metrics\metrics-logback\4.1.10.1\metrics-logback-4.1.10.1.jar;C:\Users\Courthouse\.m2\repository\org\apache\commons\commons-lang3\3.10\commons-lang3-3.10.jar;C:\Users\Courthouse\.m2\repository\org\slf4j\jul-to-slf4j\1.7.30\jul-to-slf4j-1.7.30.jar;C:\Users\Courthouse\.m2\repository\ch\qos\logback\logback-core\1.2.3\logback-core-1.2.3.jar;C:\Users\Courthouse\.m2\repository\io\dropwizard\logback\logback-throttling-appender\1.1.0\logback-throttling-appender-1.1.0.jar;C:\Users\Courthouse\.m2\repository\org\slf4j\log4j-over-slf4j\1.7.30\log4j-over-slf4j-1.7.30.jar;C:\Users\Courthouse\.m2\repository\org\slf4j\jcl-over-slf4j\1.7.30\jcl-over-slf4j-1.7.30.jar;C:\Users\Courthouse\.m2\repository\io\dropwizard\dropwizard-metrics\2.0.11\dropwizard-metrics-2.0.11.jar;C:\Users\Courthouse\.m2\repository\io\dropwizard\dropwizard-jersey\2.0.11\dropwizard-jersey-2.0.11.jar;C:\Users\Courthouse\.m2\repository\org\glassfish\jersey\core\jersey-server\2.31\jersey-server-2.31.jar;C:\Users\Courthouse\.m2\repository\org\glassfish\jersey\media\jersey-media-jaxb\2.31\jersey-media-jaxb-2.31.jar;C:\Users\Courthouse\.m2\repository\jakarta\xml\bind\jakarta.xml.bind-api\2.3.3\jakarta.xml.bind-api-2.3.3.jar;C:\Users\Courthouse\.m2\repository\jakarta\activation\jakarta.activation-api\1.2.2\jakarta.activation-api-1.2.2.jar;C:\Users\Courthouse\.m2\repository\org\glassfish\jersey\ext\jersey-metainf-services\2.31\jersey-metainf-services-2.31.jar;C:\Users\Courthouse\.m2\repository\org\glassfish\jersey\inject\jersey-hk2\2.31\jersey-hk2-2.31.jar;C:\Users\Courthouse\.m2\repository\org\glassfish\hk2\hk2-locator\2.6.1\hk2-locator-2.6.1.jar;C:\Users\Courthouse\.m2\repository\org\javassist\javassist\3.27.0-GA\javassist-3.27.0-GA.jar;C:\Users\Courthouse\.m2\repository\io\dropwizard\metrics\metrics-jersey2\4.1.10.1\metrics-jersey2-4.1.10.1.jar;C:\Users\Courthouse\.m2\repository\com\fasterxml\jackson\jaxrs\jackson-jaxrs-json-provider\2.10.4\jackson-jaxrs-json-provider-2.10.4.jar;C:\Users\Courthouse\.m2\repository\com\fasterxml\jackson\jaxrs\jackson-jaxrs-base\2.10.4\jackson-jaxrs-base-2.10.4.jar;C:\Users\Courthouse\.m2\repository\com\fasterxml\jackson\module\jackson-module-jaxb-annotations\2.10.4\jackson-module-jaxb-annotations-2.10.4.jar;C:\Users\Courthouse\.m2\repository\jakarta\annotation\jakarta.annotation-api\1.3.5\jakarta.annotation-api-1.3.5.jar;C:\Users\Courthouse\.m2\repository\org\glassfish\hk2\hk2-api\2.6.1\hk2-api-2.6.1.jar;C:\Users\Courthouse\.m2\repository\org\glassfish\hk2\hk2-utils\2.6.1\hk2-utils-2.6.1.jar;C:\Users\Courthouse\.m2\repository\org\glassfish\hk2\external\aopalliance-repackaged\2.6.1\aopalliance-repackaged-2.6.1.jar;C:\Users\Courthouse\.m2\repository\org\glassfish\jersey\containers\jersey-container-servlet\2.31\jersey-container-servlet-2.31.jar;C:\Users\Courthouse\.m2\repository\org\glassfish\jersey\containers\jersey-container-servlet-core\2.31\jersey-container-servlet-core-2.31.jar;C:\Users\Courthouse\.m2\repository\org\glassfish\jersey\core\jersey-client\2.31\jersey-client-2.31.jar;C:\Users\Courthouse\.m2\repository\org\eclipse\jetty\jetty-io\9.4.30.v20200611\jetty-io-9.4.30.v20200611.jar;C:\Users\Courthouse\.m2\repository\io\dropwizard\dropwizard-servlets\2.0.11\dropwizard-servlets-2.0.11.jar;C:\Users\Courthouse\.m2\repository\io\dropwizard\dropwizard-jetty\2.0.11\dropwizard-jetty-2.0.11.jar;C:\Users\Courthouse\.m2\repository\org\eclipse\jetty\jetty-servlets\9.4.30.v20200611\jetty-servlets-9.4.30.v20200611.jar;C:\Users\Courthouse\.m2\repository\org\eclipse\jetty\jetty-continuation\9.4.30.v20200611\jetty-continuation-9.4.30.v20200611.jar;C:\Users\Courthouse\.m2\repository\org\eclipse\jetty\jetty-http\9.4.30.v20200611\jetty-http-9.4.30.v20200611.jar;C:\Users\Courthouse\.m2\repository\io\dropwizard\dropwizard-lifecycle\2.0.11\dropwizard-lifecycle-2.0.11.jar;C:\Users\Courthouse\.m2\repository\io\dropwizard\metrics\metrics-core\4.1.10.1\metrics-core-4.1.10.1.jar;C:\Users\Courthouse\.m2\repository\io\dropwizard\metrics\metrics-jetty9\4.1.10.1\metrics-jetty9-4.1.10.1.jar;C:\Users\Courthouse\.m2\repository\io\dropwizard\metrics\metrics-jvm\4.1.10.1\metrics-jvm-4.1.10.1.jar;C:\Users\Courthouse\.m2\repository\io\dropwizard\metrics\metrics-jmx\4.1.10.1\metrics-jmx-4.1.10.1.jar;C:\Users\Courthouse\.m2\repository\io\dropwizard\metrics\metrics-servlets\4.1.10.1\metrics-servlets-4.1.10.1.jar;C:\Users\Courthouse\.m2\repository\io\dropwizard\metrics\metrics-json\4.1.10.1\metrics-json-4.1.10.1.jar;C:\Users\Courthouse\.m2\repository\com\helger\profiler\1.1.1\profiler-1.1.1.jar;C:\Users\Courthouse\.m2\repository\io\dropwizard\metrics\metrics-healthchecks\4.1.10.1\metrics-healthchecks-4.1.10.1.jar;C:\Users\Courthouse\.m2\repository\io\dropwizard\dropwizard-request-logging\2.0.11\dropwizard-request-logging-2.0.11.jar;C:\Users\Courthouse\.m2\repository\ch\qos\logback\logback-access\1.2.3\logback-access-1.2.3.jar;C:\Users\Courthouse\.m2\repository\ch\qos\logback\logback-classic\1.2.3\logback-classic-1.2.3.jar;C:\Users\Courthouse\.m2\repository\com\fasterxml\jackson\core\jackson-annotations\2.10.4\jackson-annotations-2.10.4.jar;C:\Users\Courthouse\.m2\repository\com\fasterxml\jackson\core\jackson-databind\2.10.4\jackson-databind-2.10.4.jar;C:\Users\Courthouse\.m2\repository\com\google\code\findbugs\jsr305\3.0.2\jsr305-3.0.2.jar;C:\Users\Courthouse\.m2\repository\jakarta\servlet\jakarta.servlet-api\4.0.4\jakarta.servlet-api-4.0.4.jar;C:\Users\Courthouse\.m2\repository\jakarta\validation\jakarta.validation-api\2.0.2\jakarta.validation-api-2.0.2.jar;C:\Users\Courthouse\.m2\repository\jakarta\ws\rs\jakarta.ws.rs-api\2.1.6\jakarta.ws.rs-api-2.1.6.jar;C:\Users\Courthouse\.m2\repository\net\sourceforge\argparse4j\argparse4j\0.8.1\argparse4j-0.8.1.jar;C:\Users\Courthouse\.m2\repository\org\eclipse\jetty\jetty-security\9.4.30.v20200611\jetty-security-9.4.30.v20200611.jar;C:\Users\Courthouse\.m2\repository\org\eclipse\jetty\jetty-server\9.4.30.v20200611\jetty-server-9.4.30.v20200611.jar;C:\Users\Courthouse\.m2\repository\org\eclipse\jetty\jetty-servlet\9.4.30.v20200611\jetty-servlet-9.4.30.v20200611.jar;C:\Users\Courthouse\.m2\repository\org\eclipse\jetty\jetty-util\9.4.30.v20200611\jetty-util-9.4.30.v20200611.jar;C:\Users\Courthouse\.m2\repository\org\eclipse\jetty\toolchain\setuid\jetty-setuid-java\1.0.4\jetty-setuid-java-1.0.4.jar;C:\Users\Courthouse\.m2\repository\org\glassfish\hk2\external\jakarta.inject\2.6.1\jakarta.inject-2.6.1.jar;C:\Users\Courthouse\.m2\repository\org\glassfish\jersey\core\jersey-common\2.31\jersey-common-2.31.jar;C:\Users\Courthouse\.m2\repository\org\glassfish\hk2\osgi-resource-locator\1.0.3\osgi-resource-locator-1.0.3.jar;C:\Users\Courthouse\.m2\repository\com\sun\activation\jakarta.activation\1.2.2\jakarta.activation-1.2.2.jar;C:\Users\Courthouse\.m2\repository\org\glassfish\jersey\ext\jersey-bean-validation\2.31\jersey-bean-validation-2.31.jar;C:\Users\Courthouse\.m2\repository\org\hibernate\validator\hibernate-validator\6.1.5.Final\hibernate-validator-6.1.5.Final.jar;C:\Users\Courthouse\.m2\repository\org\jboss\logging\jboss-logging\3.3.2.Final\jboss-logging-3.3.2.Final.jar;C:\Users\Courthouse\.m2\repository\org\slf4j\slf4j-api\1.7.30\slf4j-api-1.7.30.jar;C:\Users\Courthouse\.m2\repository\io\dropwizard\dropwizard-jdbi3\2.0.11\dropwizard-jdbi3-2.0.11.jar;C:\Users\Courthouse\.m2\repository\io\dropwizard\dropwizard-db\2.0.11\dropwizard-db-2.0.11.jar;C:\Users\Courthouse\.m2\repository\org\apache\tomcat\tomcat-jdbc\9.0.37\tomcat-jdbc-9.0.37.jar;C:\Users\Courthouse\.m2\repository\org\apache\tomcat\tomcat-juli\9.0.37\tomcat-juli-9.0.37.jar;C:\Users\Courthouse\.m2\repository\io\dropwizard\metrics\metrics-annotation\4.1.10.1\metrics-annotation-4.1.10.1.jar;C:\Users\Courthouse\.m2\repository\joda-time\joda-time\2.10.6\joda-time-2.10.6.jar;C:\Users\Courthouse\.m2\repository\org\jdbi\jdbi3-core\3.14.1\jdbi3-core-3.14.1.jar;C:\Users\Courthouse\.m2\repository\org\antlr\antlr4-runtime\4.7.2\antlr4-runtime-4.7.2.jar;C:\Users\Courthouse\.m2\repository\io\leangen\geantyref\geantyref\1.3.7\geantyref-1.3.7.jar;C:\Users\Courthouse\.m2\repository\org\jdbi\jdbi3-sqlobject\3.14.1\jdbi3-sqlobject-3.14.1.jar;C:\Users\Courthouse\.m2\repository\org\jdbi\jdbi3-jodatime2\3.14.1\jdbi3-jodatime2-3.14.1.jar;C:\Users\Courthouse\.m2\repository\org\jdbi\jdbi3-guava\3.14.1\jdbi3-guava-3.14.1.jar;C:\Users\Courthouse\.m2\repository\io\dropwizard\metrics\metrics-jdbi3\4.1.10.1\metrics-jdbi3-4.1.10.1.jar;C:\Users\Courthouse\.m2\repository\oauth\signpost\signpost-core\1.2.1.1\signpost-core-1.2.1.1.jar;C:\Users\Courthouse\.m2\repository\commons-codec\commons-codec\1.3\commons-codec-1.3.jar;C:\Users\Courthouse\.m2\repository\oauth\signpost\signpost-commonshttp4\1.2\signpost-commonshttp4-1.2.jar;C:\Users\Courthouse\.m2\repository\org\apache\httpcomponents\httpcore\4.0.1\httpcore-4.0.1.jar;C:\Users\Courthouse\.m2\repository\org\apache\httpcomponents\httpclient\4.0.1\httpclient-4.0.1.jar;C:\Users\Courthouse\.m2\repository\commons-logging\commons-logging\1.1.1\commons-logging-1.1.1.jar;C:\Users\Courthouse\.m2\repository\com\fasterxml\jackson\datatype\jackson-datatype-json-org\2.4.0\jackson-datatype-json-org-2.4.0.jar;C:\Users\Courthouse\.m2\repository\com\fasterxml\jackson\core\jackson-core\2.4.0\jackson-core-2.4.0.jar;C:\Users\Courthouse\.m2\repository\org\apache\geronimo\bundles\json\20090211_1\json-20090211_1.jar;C:\Users\Courthouse\.m2\repository\org\xerial\sqlite-jdbc\3.32.3.1\sqlite-jdbc-3.32.3.1.jar;C:\Users\Courthouse\.m2\repository\org\junit\jupiter\junit-jupiter\5.7.0\junit-jupiter-5.7.0.jar;C:\Users\Courthouse\.m2\repository\org\junit\jupiter\junit-jupiter-api\5.7.0\junit-jupiter-api-5.7.0.jar;C:\Users\Courthouse\.m2\repository\org\apiguardian\apiguardian-api\1.1.0\apiguardian-api-1.1.0.jar;C:\Users\Courthouse\.m2\repository\org\opentest4j\opentest4j\1.2.0\opentest4j-1.2.0.jar;C:\Users\Courthouse\.m2\repository\org\junit\platform\junit-platform-commons\1.7.0\junit-platform-commons-1.7.0.jar;C:\Users\Courthouse\.m2\repository\org\junit\jupiter\junit-jupiter-params\5.7.0\junit-jupiter-params-5.7.0.jar;C:\Users\Courthouse\.m2\repository\org\junit\jupiter\junit-jupiter-engine\5.7.0\junit-jupiter-engine-5.7.0.jar;C:\Users\Courthouse\.m2\repository\org\junit\platform\junit-platform-engine\1.7.0\junit-platform-engine-1.7.0.jar;"/>
    <property name="sun.cpu.endian" value="little"/>
    <property name="user.home" value="C:\Users\Courthouse"/>
    <property name="user.language" value="en"/>
    <property name="java.specification.vendor" value="Oracle Corporation"/>
    <property name="java.version.date" value="2021-01-19"/>
    <property name="java.home" value="C:\Program Files\Java\jdk-11.0.10"/>
    <property name="file.separator" value="\"/>
    <property name="basedir" value="C:\Users\Courthouse\dropwizard"/>
    <property name="java.vm.compressedOopsMode" value="Zero based"/>
    <property name="line.separator" value="&#10;"/>
    <property name="java.specification.name" value="Java Platform API Specification"/>
    <property name="java.vm.specification.vendor" value="Oracle Corporation"/>
    <property name="java.awt.graphicsenv" value="sun.awt.Win32GraphicsEnvironment"/>
    <property name="surefire.real.class.path" value="C:\Users\Courthouse\AppData\Local\Temp\surefire8460161309235058303\surefirebooter7502295836523944968.jar"/>
    <property name="user.script" value=""/>
    <property name="sun.management.compiler" value="HotSpot 64-Bit Tiered Compilers"/>
    <property name="java.runtime.version" value="11.0.10+8-LTS-162"/>
    <property name="user.name" value="Courthouse"/>
    <property name="path.separator" value=";"/>
    <property name="os.version" value="10.0"/>
    <property name="java.runtime.name" value="Java(TM) SE Runtime Environment"/>
    <property name="file.encoding" value="Cp1252"/>
    <property name="java.vm.name" value="Java HotSpot(TM) 64-Bit Server VM"/>
    <property name="java.vendor.version" value="18.9"/>
    <property name="localRepository" value="C:\Users\Courthouse\.m2\repository"/>
    <property name="java.vendor.url.bug" value="https://bugreport.java.com/bugreport/"/>
    <property name="java.io.tmpdir" value="C:\Users\COURTH~1\AppData\Local\Temp\"/>
    <property name="java.version" value="11.0.10"/>
    <property name="user.dir" value="C:\Users\Courthouse\dropwizard"/>
    <property name="os.arch" value="amd64"/>
    <property name="java.vm.specification.name" value="Java Virtual Machine Specification"/>
    <property name="java.awt.printerjob" value="sun.awt.windows.WPrinterJob"/>
    <property name="sun.os.patch.level" value=""/>
    <property name="java.library.path" value="C:\Program Files\Java\jdk-11.0.10\bin;C:\WINDOWS\Sun\Java\bin;C:\WINDOWS\system32;C:\WINDOWS;C:\Program Files\Common Files\Oracle\Java\javapath;C:\Program Files (x86)\Razer Chroma SDK\bin;C:\Program Files\Razer Chroma SDK\bin;C:\Program Files (x86)\Razer\ChromaBroadcast\bin;C:\Program Files\Razer\ChromaBroadcast\bin;C:\Program Files (x86)\Common Files\Oracle\Java\javapath;C:\Windows\system32;C:\Windows;C:\Windows\System32\Wbem;C:\Windows\System32\WindowsPowerShell\v1.0\;C:\Windows\System32\OpenSSH\;C:\Program Files (x86)\NVIDIA Corporation\PhysX\Common;C:\Program Files\NVIDIA Corporation\NVIDIA NvDLISR;C:\WINDOWS\system32;C:\WINDOWS;C:\WINDOWS\System32\Wbem;C:\WINDOWS\System32\WindowsPowerShell\v1.0\;C:\WINDOWS\System32\OpenSSH\;C:\WINDOWS\system32\config\systemprofile\AppData\Local\Microsoft\WindowsApps;C:\Users\Courthouse\AppData\Local\Microsoft\WindowsApps;C:\WINDOWS\system32;C:\WINDOWS;C:\WINDOWS\System32\Wbem;C:\WINDOWS\System32\WindowsPowerShell\v1.0\;C:\WINDOWS\System32\OpenSSH\;C:\Program Files\nodejs\;C:\Program Files\dotnet\;C:\Users\Courthouse\gradle-6.8.3\bin;C:\Program Files\apache-maven-3.6.3\bin;C:\Program Files\Java\jdk-11.0.10\bin;C:\Program Files\Git\cmd;C:\Users\Courthouse\AppData\Local\Microsoft\WindowsApps;C:\Users\Courthouse\tools;;C:\Program Files\JetBrains\IntelliJ IDEA Community Edition 2020.2.3\bin;;C:\Users\Courthouse\AppData\Roaming\npm;C:\Users\Courthouse\AppData\Local\Programs\Microsoft VS Code\bin;."/>
    <property name="java.vendor" value="Oracle Corporation"/>
    <property name="java.vm.info" value="mixed mode"/>
    <property name="java.vm.version" value="11.0.10+8-LTS-162"/>
    <property name="sun.io.unicode.encoding" value="UnicodeLittle"/>
    <property name="java.class.version" value="55.0"/>
  </properties>
  <testcase name="helloWorldTest" classname="com.sproutsocial.homework.resources.HelloWorldResourceTests" time="0.014"/>
</testsuite>